<?xml version="1.0" encoding="UTF-8"?>
<!-- Generated by org.testng.reporters.JUnitXMLReporter -->
<testsuite ignored="0" hostname="DESKTOP-AHJ7FPI" failures="0" tests="5" name="Default test" time="16.839" errors="0" timestamp="2025-04-09T19:21:23 IST">
  <testcase classname="intervue.test.Login" name="homepageLogin" time="0.485"/>
  <testcase classname="intervue.test.Login" name="companyLogin" time="3.947"/>
  <testcase classname="intervue.test.Login" name="loginCredtials" time="10.729"/>
  <testcase classname="intervue.test.Login" name="search" time="0.81"/>
  <testcase classname="intervue.test.Login" name="logout" time="0.749"/>
</testsuite> <!-- Default test -->
