<?xml version="1.0" encoding="UTF-8"?>
<testng-results ignored="0" total="5" passed="5" failed="0" skipped="0">
  <reporter-output>
  </reporter-output>
  <suite started-at="2025-04-09T19:21:06 IST" name="Default suite" finished-at="2025-04-09T19:21:23 IST" duration-ms="16839">
    <groups>
    </groups>
    <test started-at="2025-04-09T19:21:06 IST" name="Default test" finished-at="2025-04-09T19:21:23 IST" duration-ms="16839">
      <class name="intervue.test.Login">
        <test-method is-config="true" signature="driver()[pri:0, instance:intervue.test.Login@dd05255]" started-at="2025-04-09T19:21:03 IST" name="driver" finished-at="2025-04-09T19:21:06 IST" duration-ms="3670" status="PASS">
          <reporter-output>
          </reporter-output>
        </test-method> <!-- driver -->
        <test-method signature="homepageLogin()[pri:0, instance:intervue.test.Login@dd05255]" started-at="2025-04-09T19:21:06 IST" name="homepageLogin" finished-at="2025-04-09T19:21:07 IST" duration-ms="485" status="PASS">
          <reporter-output>
          </reporter-output>
        </test-method> <!-- homepageLogin -->
        <test-method signature="companyLogin()[pri:0, instance:intervue.test.Login@dd05255]" started-at="2025-04-09T19:21:07 IST" name="companyLogin" finished-at="2025-04-09T19:21:11 IST" depends-on-methods="intervue.test.Login.homepageLogin" duration-ms="3947" status="PASS">
          <reporter-output>
          </reporter-output>
        </test-method> <!-- companyLogin -->
        <test-method signature="loginCredtials()[pri:0, instance:intervue.test.Login@dd05255]" started-at="2025-04-09T19:21:11 IST" name="loginCredtials" finished-at="2025-04-09T19:21:22 IST" depends-on-methods="intervue.test.Login.companyLogin" duration-ms="10729" status="PASS">
          <reporter-output>
          </reporter-output>
        </test-method> <!-- loginCredtials -->
        <test-method signature="search()[pri:0, instance:intervue.test.Login@dd05255]" started-at="2025-04-09T19:21:22 IST" name="search" finished-at="2025-04-09T19:21:22 IST" depends-on-methods="intervue.test.Login.loginCredtials" duration-ms="810" status="PASS">
          <reporter-output>
          </reporter-output>
        </test-method> <!-- search -->
        <test-method signature="logout()[pri:0, instance:intervue.test.Login@dd05255]" started-at="2025-04-09T19:21:22 IST" name="logout" finished-at="2025-04-09T19:21:23 IST" depends-on-methods="intervue.test.Login.search" duration-ms="749" status="PASS">
          <reporter-output>
          </reporter-output>
        </test-method> <!-- logout -->
      </class> <!-- intervue.test.Login -->
    </test> <!-- Default test -->
  </suite> <!-- Default suite -->
</testng-results>
